<?xml version="1.0" encoding="UTF-8"?>
<!-- Generated by org.testng.reporters.JUnitXMLReporter -->
<testsuite ignored="1" hostname="BMT-LAP-244" failures="0" tests="1" name="Default test" time="21.117" errors="0" timestamp="2023-08-03T15:28:20 IST">
  <testcase classname="testcase.TestLogin" name="loginUsingInValidCredentials" time="8.677"/>
  <testcase classname="testcase.TestLogin" name="loginUsingValidCredentials" time="0.0">
    <ignored/>
  </testcase> <!-- loginUsingValidCredentials -->
</testsuite> <!-- Default test -->
