<?xml version="1.0" encoding="UTF-8"?>
<!-- Generated by org.testng.reporters.JUnitXMLReporter -->
<testsuite ignored="0" hostname="BMT-LAP-244" failures="0" tests="3" name="Test" time="80.438" errors="0" timestamp="2023-08-07T12:19:42 IST">
  <testcase classname="com.binmile.automate.appium.testcase.login.TestLogin" name="testUserLogin" time="11.993"/>
  <testcase classname="com.binmile.automate.appium.testcase.login.TestLogin" name="testUserLogin" time="11.357"/>
  <testcase classname="com.binmile.automate.appium.testcase.login.TestLogin" name="testUserLogin" time="10.663"/>
</testsuite> <!-- Test -->
