<?xml version="1.0" encoding="UTF-8"?>
<testng-results ignored="0" total="3" passed="3" failed="0" skipped="0">
  <reporter-output>
  </reporter-output>
  <suite started-at="2023-08-07T12:18:22 IST" name="Suite" finished-at="2023-08-07T12:19:42 IST" duration-ms="80438">
    <groups>
    </groups>
    <test started-at="2023-08-07T12:18:22 IST" name="Test" finished-at="2023-08-07T12:19:42 IST" duration-ms="80438">
      <class name="com.binmile.automate.appium.testcase.login.TestLogin">
        <test-method is-config="true" signature="launchApp()[pri:0, instance:com.binmile.automate.appium.testcase.login.TestLogin@2002fc1d, instance params:[lockedUser, alice@example.com, 10203040]]" started-at="2023-08-07T12:18:22 IST" name="launchApp" finished-at="2023-08-07T12:18:39 IST" duration-ms="16580" status="PASS">
          <reporter-output>
          </reporter-output>
        </test-method> <!-- launchApp -->
        <test-method signature="testUserLogin()[pri:0, instance:com.binmile.automate.appium.testcase.login.TestLogin@2002fc1d, instance params:[lockedUser, alice@example.com, 10203040]]" started-at="2023-08-07T12:18:39 IST" name="testUserLogin" finished-at="2023-08-07T12:18:51 IST" duration-ms="11993" status="PASS">
          <reporter-output>
          </reporter-output>
        </test-method> <!-- testUserLogin -->
        <test-method is-config="true" signature="tearDown()[pri:0, instance:com.binmile.automate.appium.testcase.login.TestLogin@2002fc1d, instance params:[lockedUser, alice@example.com, 10203040]]" started-at="2023-08-07T12:18:51 IST" name="tearDown" finished-at="2023-08-07T12:18:51 IST" duration-ms="885" status="PASS">
          <reporter-output>
          </reporter-output>
        </test-method> <!-- tearDown -->
        <test-method is-config="true" signature="launchApp()[pri:0, instance:com.binmile.automate.appium.testcase.login.TestLogin@2002fc1d, instance params:[lockedUser, alice@example.com, 10203040]]" started-at="2023-08-07T12:18:52 IST" name="launchApp" finished-at="2023-08-07T12:19:05 IST" duration-ms="13318" status="PASS">
          <reporter-output>
          </reporter-output>
        </test-method> <!-- launchApp -->
        <test-method signature="testUserLogin()[pri:0, instance:com.binmile.automate.appium.testcase.login.TestLogin@20d525, instance params:[validUser, bob@example.com, 10203040]]" started-at="2023-08-07T12:19:05 IST" name="testUserLogin" finished-at="2023-08-07T12:19:16 IST" duration-ms="11357" status="PASS">
          <reporter-output>
          </reporter-output>
        </test-method> <!-- testUserLogin -->
        <test-method is-config="true" signature="tearDown()[pri:0, instance:com.binmile.automate.appium.testcase.login.TestLogin@2002fc1d, instance params:[lockedUser, alice@example.com, 10203040]]" started-at="2023-08-07T12:19:16 IST" name="tearDown" finished-at="2023-08-07T12:19:17 IST" duration-ms="891" status="PASS">
          <reporter-output>
          </reporter-output>
        </test-method> <!-- tearDown -->
        <test-method is-config="true" signature="launchApp()[pri:0, instance:com.binmile.automate.appium.testcase.login.TestLogin@2002fc1d, instance params:[lockedUser, alice@example.com, 10203040]]" started-at="2023-08-07T12:19:17 IST" name="launchApp" finished-at="2023-08-07T12:19:31 IST" duration-ms="13592" status="PASS">
          <reporter-output>
          </reporter-output>
        </test-method> <!-- launchApp -->
        <test-method signature="testUserLogin()[pri:0, instance:com.binmile.automate.appium.testcase.login.TestLogin@6200f9cb, instance params:[invalidUser, xyz@example.com, 10203040]]" started-at="2023-08-07T12:19:31 IST" name="testUserLogin" finished-at="2023-08-07T12:19:41 IST" duration-ms="10663" status="PASS">
          <reporter-output>
          </reporter-output>
        </test-method> <!-- testUserLogin -->
        <test-method is-config="true" signature="tearDown()[pri:0, instance:com.binmile.automate.appium.testcase.login.TestLogin@2002fc1d, instance params:[lockedUser, alice@example.com, 10203040]]" started-at="2023-08-07T12:19:41 IST" name="tearDown" finished-at="2023-08-07T12:19:42 IST" duration-ms="1106" status="PASS">
          <reporter-output>
          </reporter-output>
        </test-method> <!-- tearDown -->
      </class> <!-- com.binmile.automate.appium.testcase.login.TestLogin -->
    </test> <!-- Test -->
  </suite> <!-- Suite -->
</testng-results>
